2.0000   1839.3734485    22.3887764    87.7092403    0.000    0.159173E-02    0.160135E+02    1.77410E-02    1.71287E-02    0.3950209647E-01  0.1161674717E+01
2.0500   1752.4418555    21.3166708    83.3971458    0.000    0.159173E-02    0.164993E+02    1.77473E-02    1.75729E-02    0.4295196138E-01  0.1200421246E+01
2.1000   1664.6671328    20.3283342    79.5037508    0.000    0.671922E-02    0.169836E+02    1.77287E-02    1.79799E-02    0.4647123767E-01  0.1238511022E+01
2.1500   1591.7007233    19.4403411    75.9003466    0.000    0.150490E-01    0.174521E+02    1.77196E-02    1.84020E-02    0.5009694483E-01  0.1276684367E+01
2.1750   1557.4546359    18.9739407    74.2087357    0.000    0.202300E-01    0.176871E+02    1.77420E-02    1.85584E-02    0.5193847837E-01  0.1295665533E+01
2.2000   1523.6040431    18.5965275    72.4190496    0.000    0.260325E-01    0.179293E+02    1.77032E-02    1.87870E-02    0.5378690625E-01  0.1314845201E+01
2.2324   1476.5322644    18.0129567    70.3425755    0.000    0.344536E-01    0.182265E+02    1.76164E-02    1.90093E-02    0.5621130173E-01  0.1339145332E+01
2.3094   1379.9761909    16.8599024    65.7130050    0.000    0.576853E-01    0.189743E+02    1.75406E-02    1.94014E-02    0.6213312350E-01  0.1396262223E+01
2.3864   1294.0844185    15.8189541    61.6507383    0.000    0.850016E-01    0.196651E+02    1.73572E-02    1.97515E-02    0.6811875083E-01  0.1452980180E+01
2.3960   1283.2617208    15.6806774    61.1927785    0.000    0.886492E-01    0.197544E+02    1.73746E-02    1.97633E-02    0.6891905392E-01  0.1460776563E+01
2.5000   1179.1589749    14.4193888    56.1467432    0.000    0.130844E+00    0.206967E+02    1.71024E-02    2.02766E-02    0.7736112022E-01  0.1536433356E+01
2.6444   1054.2113924    12.9502404    50.2683565    0.000    0.196540E+00    0.219990E+02    1.65948E-02    2.05854E-02    0.8936368031E-01  0.1640673366E+01
2.6464   1052.5142754    12.9168278    50.1655966    0.000    0.197539E+00    0.219964E+02    1.66233E-02    2.06391E-02    0.8951593145E-01  0.1642818007E+01
2.7000   1010.0484433    12.4072871    48.2065292    0.000    0.223821E+00    0.224508E+02    1.64435E-02    2.07069E-02    0.9406146144E-01  0.1680155574E+01
2.8000    940.6083803    11.5707274    44.9284181    0.000    0.275211E+00    0.233282E+02    1.60716E-02    2.08028E-02    0.1026690684E+00  0.1750101080E+01
2.9000    878.9280413    10.7759827    41.7828451    0.000    0.328554E+00    0.241902E+02    1.57425E-02    2.08774E-02    0.1114021172E+00  0.1819457053E+01
2.9500    847.9925938    10.4382764    40.3439365    0.000    0.356578E+00    0.246166E+02    1.55577E-02    2.08729E-02    0.1158825045E+00  0.1853475993E+01
2.9810    831.5885552    10.2177880    39.5815233    0.000    0.373856E+00    0.248916E+02    1.54336E-02    2.08750E-02    0.1186238380E+00  0.1875058089E+01
3.0000    820.1940284    10.0890621    39.0593914    0.000    0.384568E+00    0.250135E+02    1.53690E-02    2.08704E-02    0.1202738422E+00  0.1887946565E+01
3.0200    810.3005173     9.9604387    38.5842699    0.000    0.396570E+00    0.251991E+02    1.52972E-02    2.08612E-02    0.1220792372E+00  0.1901685252E+01
3.0800    779.0922149     9.5686328    37.0796145    0.000    0.430830E+00    0.256977E+02    1.50420E-02    2.07873E-02    0.1274726307E+00  0.1941895894E+01
